# JRE version: Java(TM) SE Runtime Environment (8.0_11-b12) (build 1.8.0_11-b12)
# Java VM: Java HotSpot(TM) 64-Bit Server VM (25.11-b03 mixed mode windows-amd64 compressed oops)
Heap:
 PSYoungGen      total 65024K, used 48741K [0x00000000eab00000, 0x00000000f0580000, 0x0000000100000000)
  eden space 38400K, 98% used [0x00000000eab00000,0x00000000ed01de68,0x00000000ed080000)
  from space 26624K, 40% used [0x00000000eeb80000,0x00000000ef5fb948,0x00000000f0580000)
  to   space 27136K, 0% used [0x00000000ed080000,0x00000000ed080000,0x00000000eeb00000)
 ParOldGen       total 36864K, used 27929K [0x00000000c0000000, 0x00000000c2400000, 0x00000000eab00000)
  object space 36864K, 75% used [0x00000000c0000000,0x00000000c1b466b0,0x00000000c2400000)
 Metaspace       used 52235K, capacity 53904K, committed 54144K, reserved 1095680K
  class space    used 7187K, capacity 7518K, committed 7552K, reserved 1048576K
GC Heap History (10 events):
Event: 78.556 GC heap before
{Heap before GC invocations=52 (full 4):
 PSYoungGen      total 59392K, used 56354K [0x00000000eab00000, 0x00000000f0880000, 0x0000000100000000)
  eden space 32768K, 95% used [0x00000000eab00000,0x00000000ec9973f0,0x00000000ecb00000)
  from space 26624K, 94% used [0x00000000ecb00000,0x00000000ee3716a0,0x00000000ee500000)
  to   space 30208K, 0% used [0x00000000eeb00000,0x00000000eeb00000,0x00000000f0880000)
 ParOldGen       total 27136K, used 22903K [0x00000000c0000000, 0x00000000c1a80000, 0x00000000eab00000)
  object space 27136K, 84% used [0x00000000c0000000,0x00000000c165de70,0x00000000c1a80000)
 Metaspace       used 51409K, capacity 52770K, committed 52992K, reserved 1095680K
  class space    used 7105K, capacity 7398K, committed 7424K, reserved 1048576K
Event: 78.580 GC heap after
Heap after GC invocations=52 (full 4):
 PSYoungGen      total 62464K, used 14779K [0x00000000eab00000, 0x00000000f0580000, 0x0000000100000000)
  eden space 35328K, 0% used [0x00000000eab00000,0x00000000eab00000,0x00000000ecd80000)
  from space 27136K, 54% used [0x00000000eeb00000,0x00000000ef96ef40,0x00000000f0580000)
  to   space 28672K, 0% used [0x00000000ecd80000,0x00000000ecd80000,0x00000000ee980000)
 ParOldGen       total 27136K, used 23519K [0x00000000c0000000, 0x00000000c1a80000, 0x00000000eab00000)
  object space 27136K, 86% used [0x00000000c0000000,0x00000000c16f7ed8,0x00000000c1a80000)
 Metaspace       used 51409K, capacity 52770K, committed 52992K, reserved 1095680K
  class space    used 7105K, capacity 7398K, committed 7424K, reserved 1048576K
}
Event: 78.580 GC heap before
{Heap before GC invocations=53 (full 5):
 PSYoungGen      total 62464K, used 14779K [0x00000000eab00000, 0x00000000f0580000, 0x0000000100000000)
  eden space 35328K, 0% used [0x00000000eab00000,0x00000000eab00000,0x00000000ecd80000)
  from space 27136K, 54% used [0x00000000eeb00000,0x00000000ef96ef40,0x00000000f0580000)
  to   space 28672K, 0% used [0x00000000ecd80000,0x00000000ecd80000,0x00000000ee980000)
 ParOldGen       total 27136K, used 23519K [0x00000000c0000000, 0x00000000c1a80000, 0x00000000eab00000)
  object space 27136K, 86% used [0x00000000c0000000,0x00000000c16f7ed8,0x00000000c1a80000)
 Metaspace       used 51409K, capacity 52770K, committed 52992K, reserved 1095680K
  class space    used 7105K, capacity 7398K, committed 7424K, reserved 1048576K
Event: 79.089 GC heap after
Heap after GC invocations=53 (full 5):
 PSYoungGen      total 62464K, used 7967K [0x00000000eab00000, 0x00000000f0580000, 0x0000000100000000)
  eden space 35328K, 0% used [0x00000000eab00000,0x00000000eab00000,0x00000000ecd80000)
  from space 27136K, 29% used [0x00000000eeb00000,0x00000000ef2c7ed8,0x00000000f0580000)
  to   space 28672K, 0% used [0x00000000ecd80000,0x00000000ecd80000,0x00000000ee980000)
 ParOldGen       total 27136K, used 27120K [0x00000000c0000000, 0x00000000c1a80000, 0x00000000eab00000)
  object space 27136K, 99% used [0x00000000c0000000,0x00000000c1a7c138,0x00000000c1a80000)
 Metaspace       used 51409K, capacity 52770K, committed 52992K, reserved 1095680K
  class space    used 7105K, capacity 7398K, committed 7424K, reserved 1048576K
}
Event: 182.946 GC heap before
{Heap before GC invocations=54 (full 6):
 PSYoungGen      total 62464K, used 43295K [0x00000000eab00000, 0x00000000f0580000, 0x0000000100000000)
  eden space 35328K, 100% used [0x00000000eab00000,0x00000000ecd80000,0x00000000ecd80000)
  from space 27136K, 29% used [0x00000000eeb00000,0x00000000ef2c7ed8,0x00000000f0580000)
  to   space 28672K, 0% used [0x00000000ecd80000,0x00000000ecd80000,0x00000000ee980000)
 ParOldGen       total 27136K, used 27120K [0x00000000c0000000, 0x00000000c1a80000, 0x00000000eab00000)
  object space 27136K, 99% used [0x00000000c0000000,0x00000000c1a7c138,0x00000000c1a80000)
 Metaspace       used 51580K, capacity 52976K, committed 52992K, reserved 1095680K
  class space    used 7119K, capacity 7415K, committed 7424K, reserved 1048576K
Event: 183.526 GC heap after
Heap after GC invocations=54 (full 6):
 PSYoungGen      total 62464K, used 8885K [0x00000000eab00000, 0x00000000f0580000, 0x0000000100000000)
  eden space 35328K, 25% used [0x00000000eab00000,0x00000000eb3ad5b0,0x00000000ecd80000)
  from space 27136K, 0% used [0x00000000eeb00000,0x00000000eeb00000,0x00000000f0580000)
  to   space 28672K, 0% used [0x00000000ecd80000,0x00000000ecd80000,0x00000000ee980000)
 ParOldGen       total 36864K, used 27096K [0x00000000c0000000, 0x00000000c2400000, 0x00000000eab00000)
  object space 36864K, 73% used [0x00000000c0000000,0x00000000c1a761a8,0x00000000c2400000)
 Metaspace       used 51580K, capacity 52976K, committed 52992K, reserved 1095680K
  class space    used 7119K, capacity 7415K, committed 7424K, reserved 1048576K
}
Event: 184.072 GC heap before
{Heap before GC invocations=55 (full 6):
 PSYoungGen      total 62464K, used 35328K [0x00000000eab00000, 0x00000000f0580000, 0x0000000100000000)
  eden space 35328K, 100% used [0x00000000eab00000,0x00000000ecd80000,0x00000000ecd80000)
  from space 27136K, 0% used [0x00000000eeb00000,0x00000000eeb00000,0x00000000f0580000)
  to   space 28672K, 0% used [0x00000000ecd80000,0x00000000ecd80000,0x00000000ee980000)
 ParOldGen       total 36864K, used 27096K [0x00000000c0000000, 0x00000000c2400000, 0x00000000eab00000)
  object space 36864K, 73% used [0x00000000c0000000,0x00000000c1a761a8,0x00000000c2400000)
 Metaspace       used 51668K, capacity 53204K, committed 53248K, reserved 1095680K
  class space    used 7122K, capacity 7421K, committed 7424K, reserved 1048576K
Event: 184.094 GC heap after
Heap after GC invocations=55 (full 6):
 PSYoungGen      total 64000K, used 9319K [0x00000000eab00000, 0x00000000f0700000, 0x0000000100000000)
  eden space 35328K, 0% used [0x00000000eab00000,0x00000000eab00000,0x00000000ecd80000)
  from space 28672K, 32% used [0x00000000ecd80000,0x00000000ed699cf0,0x00000000ee980000)
  to   space 28160K, 0% used [0x00000000eeb80000,0x00000000eeb80000,0x00000000f0700000)
 ParOldGen       total 36864K, used 27549K [0x00000000c0000000, 0x00000000c2400000, 0x00000000eab00000)
  object space 36864K, 74% used [0x00000000c0000000,0x00000000c1ae76a0,0x00000000c2400000)
 Metaspace       used 51668K, capacity 53204K, committed 53248K, reserved 1095680K
  class space    used 7122K, capacity 7421K, committed 7424K, reserved 1048576K
}
Event: 184.391 GC heap before
{Heap before GC invocations=56 (full 6):
 PSYoungGen      total 64000K, used 44647K [0x00000000eab00000, 0x00000000f0700000, 0x0000000100000000)
  eden space 35328K, 100% used [0x00000000eab00000,0x00000000ecd80000,0x00000000ecd80000)
  from space 28672K, 32% used [0x00000000ecd80000,0x00000000ed699cf0,0x00000000ee980000)
  to   space 28160K, 0% used [0x00000000eeb80000,0x00000000eeb80000,0x00000000f0700000)
 ParOldGen       total 36864K, used 27549K [0x00000000c0000000, 0x00000000c2400000, 0x00000000eab00000)
  object space 36864K, 74% used [0x00000000c0000000,0x00000000c1ae76a0,0x00000000c2400000)
 Metaspace       used 51771K, capacity 53280K, committed 53504K, reserved 1095680K
  class space    used 7124K, capacity 7423K, committed 7424K, reserved 1048576K
Event: 184.405 GC heap after
Heap after GC invocations=56 (full 6):
 PSYoungGen      total 65024K, used 10734K [0x00000000eab00000, 0x00000000f0580000, 0x0000000100000000)
  eden space 38400K, 0% used [0x00000000eab00000,0x00000000eab00000,0x00000000ed080000)
  from space 26624K, 40% used [0x00000000eeb80000,0x00000000ef5fb948,0x00000000f0580000)
  to   space 27136K, 0% used [0x00000000ed080000,0x00000000ed080000,0x00000000eeb00000)
 ParOldGen       total 36864K, used 27929K [0x00000000c0000000, 0x00000000c2400000, 0x00000000eab00000)
  object space 36864K, 75% used [0x00000000c0000000,0x00000000c1b466b0,0x00000000c2400000)
 Metaspace       used 51771K, capacity 53280K, committed 53504K, reserved 1095680K
  class space    used 7124K, capacity 7423K, committed 7424K, reserved 1048576K
}

