# JRE version: Java(TM) SE Runtime Environment (8.0_11-b12) (build 1.8.0_11-b12)
# Java VM: Java HotSpot(TM) 64-Bit Server VM (25.11-b03 mixed mode windows-amd64 compressed oops)
Heap:
 PSYoungGen      total 75264K, used 31254K [0x00000000eab00000, 0x00000000f1b00000, 0x0000000100000000)
  eden space 63488K, 35% used [0x00000000eab00000,0x00000000ec0f3a38,0x00000000ee900000)
  from space 11776K, 74% used [0x00000000ee900000,0x00000000ef191e40,0x00000000ef480000)
  to   space 12800K, 0% used [0x00000000f0e80000,0x00000000f0e80000,0x00000000f1b00000)
 ParOldGen       total 64000K, used 36760K [0x00000000c0000000, 0x00000000c3e80000, 0x00000000eab00000)
  object space 64000K, 57% used [0x00000000c0000000,0x00000000c23e6210,0x00000000c3e80000)
 Metaspace       used 6398K, capacity 7288K, committed 7424K, reserved 1056768K
  class space    used 635K, capacity 688K, committed 768K, reserved 1048576K
GC Heap History (10 events):
Event: 3.733 GC heap before
{Heap before GC invocations=15 (full 0):
 PSYoungGen      total 34816K, used 33872K [0x00000000eab00000, 0x00000000ed100000, 0x0000000100000000)
  eden space 30720K, 100% used [0x00000000eab00000,0x00000000ec900000,0x00000000ec900000)
  from space 4096K, 76% used [0x00000000ecd00000,0x00000000ed014010,0x00000000ed100000)
  to   space 4096K, 0% used [0x00000000ec900000,0x00000000ec900000,0x00000000ecd00000)
 ParOldGen       total 64000K, used 11326K [0x00000000c0000000, 0x00000000c3e80000, 0x00000000eab00000)
  object space 64000K, 17% used [0x00000000c0000000,0x00000000c0b0fab0,0x00000000c3e80000)
 Metaspace       used 6000K, capacity 6960K, committed 7040K, reserved 1056768K
  class space    used 597K, capacity 616K, committed 640K, reserved 1048576K
Event: 3.750 GC heap after
Heap after GC invocations=15 (full 0):
 PSYoungGen      total 34816K, used 4076K [0x00000000eab00000, 0x00000000ee700000, 0x0000000100000000)
  eden space 30720K, 0% used [0x00000000eab00000,0x00000000eab00000,0x00000000ec900000)
  from space 4096K, 99% used [0x00000000ec900000,0x00000000eccfb0f0,0x00000000ecd00000)
  to   space 6144K, 0% used [0x00000000ee100000,0x00000000ee100000,0x00000000ee700000)
 ParOldGen       total 64000K, used 15019K [0x00000000c0000000, 0x00000000c3e80000, 0x00000000eab00000)
  object space 64000K, 23% used [0x00000000c0000000,0x00000000c0eaadb0,0x00000000c3e80000)
 Metaspace       used 6000K, capacity 6960K, committed 7040K, reserved 1056768K
  class space    used 597K, capacity 616K, committed 640K, reserved 1048576K
}
Event: 3.947 GC heap before
{Heap before GC invocations=16 (full 0):
 PSYoungGen      total 34816K, used 34796K [0x00000000eab00000, 0x00000000ee700000, 0x0000000100000000)
  eden space 30720K, 100% used [0x00000000eab00000,0x00000000ec900000,0x00000000ec900000)
  from space 4096K, 99% used [0x00000000ec900000,0x00000000eccfb0f0,0x00000000ecd00000)
  to   space 6144K, 0% used [0x00000000ee100000,0x00000000ee100000,0x00000000ee700000)
 ParOldGen       total 64000K, used 15019K [0x00000000c0000000, 0x00000000c3e80000, 0x00000000eab00000)
  object space 64000K, 23% used [0x00000000c0000000,0x00000000c0eaadb0,0x00000000c3e80000)
 Metaspace       used 6010K, capacity 6960K, committed 7040K, reserved 1056768K
  class space    used 597K, capacity 616K, committed 640K, reserved 1048576K
Event: 3.969 GC heap after
Heap after GC invocations=16 (full 0):
 PSYoungGen      total 54272K, used 5144K [0x00000000eab00000, 0x00000000ee900000, 0x0000000100000000)
  eden space 48128K, 0% used [0x00000000eab00000,0x00000000eab00000,0x00000000eda00000)
  from space 6144K, 83% used [0x00000000ee100000,0x00000000ee606250,0x00000000ee700000)
  to   space 7168K, 0% used [0x00000000eda00000,0x00000000eda00000,0x00000000ee100000)
 ParOldGen       total 64000K, used 19017K [0x00000000c0000000, 0x00000000c3e80000, 0x00000000eab00000)
  object space 64000K, 29% used [0x00000000c0000000,0x00000000c1292640,0x00000000c3e80000)
 Metaspace       used 6010K, capacity 6960K, committed 7040K, reserved 1056768K
  class space    used 597K, capacity 616K, committed 640K, reserved 1048576K
}
Event: 4.301 GC heap before
{Heap before GC invocations=17 (full 0):
 PSYoungGen      total 54272K, used 53272K [0x00000000eab00000, 0x00000000ee900000, 0x0000000100000000)
  eden space 48128K, 100% used [0x00000000eab00000,0x00000000eda00000,0x00000000eda00000)
  from space 6144K, 83% used [0x00000000ee100000,0x00000000ee606250,0x00000000ee700000)
  to   space 7168K, 0% used [0x00000000eda00000,0x00000000eda00000,0x00000000ee100000)
 ParOldGen       total 64000K, used 19017K [0x00000000c0000000, 0x00000000c3e80000, 0x00000000eab00000)
  object space 64000K, 29% used [0x00000000c0000000,0x00000000c1292640,0x00000000c3e80000)
 Metaspace       used 6107K, capacity 7000K, committed 7168K, reserved 1056768K
  class space    used 617K, capacity 656K, committed 768K, reserved 1048576K
Event: 4.329 GC heap after
Heap after GC invocations=17 (full 0):
 PSYoungGen      total 55296K, used 6262K [0x00000000eab00000, 0x00000000efc00000, 0x0000000100000000)
  eden space 48128K, 0% used [0x00000000eab00000,0x00000000eab00000,0x00000000eda00000)
  from space 7168K, 87% used [0x00000000eda00000,0x00000000ee01d8c0,0x00000000ee100000)
  to   space 7680K, 0% used [0x00000000ef480000,0x00000000ef480000,0x00000000efc00000)
 ParOldGen       total 64000K, used 23287K [0x00000000c0000000, 0x00000000c3e80000, 0x00000000eab00000)
  object space 64000K, 36% used [0x00000000c0000000,0x00000000c16bdd68,0x00000000c3e80000)
 Metaspace       used 6107K, capacity 7000K, committed 7168K, reserved 1056768K
  class space    used 617K, capacity 656K, committed 768K, reserved 1048576K
}
Event: 4.660 GC heap before
{Heap before GC invocations=18 (full 0):
 PSYoungGen      total 55296K, used 54390K [0x00000000eab00000, 0x00000000efc00000, 0x0000000100000000)
  eden space 48128K, 100% used [0x00000000eab00000,0x00000000eda00000,0x00000000eda00000)
  from space 7168K, 87% used [0x00000000eda00000,0x00000000ee01d8c0,0x00000000ee100000)
  to   space 7680K, 0% used [0x00000000ef480000,0x00000000ef480000,0x00000000efc00000)
 ParOldGen       total 64000K, used 23287K [0x00000000c0000000, 0x00000000c3e80000, 0x00000000eab00000)
  object space 64000K, 36% used [0x00000000c0000000,0x00000000c16bdd68,0x00000000c3e80000)
 Metaspace       used 6138K, capacity 7064K, committed 7424K, reserved 1056768K
  class space    used 617K, capacity 656K, committed 768K, reserved 1048576K
Event: 4.690 GC heap after
Heap after GC invocations=18 (full 0):
 PSYoungGen      total 71168K, used 7668K [0x00000000eab00000, 0x00000000f0400000, 0x0000000100000000)
  eden space 63488K, 0% used [0x00000000eab00000,0x00000000eab00000,0x00000000ee900000)
  from space 7680K, 99% used [0x00000000ef480000,0x00000000efbfd038,0x00000000efc00000)
  to   space 11776K, 0% used [0x00000000ee900000,0x00000000ee900000,0x00000000ef480000)
 ParOldGen       total 64000K, used 29800K [0x00000000c0000000, 0x00000000c3e80000, 0x00000000eab00000)
  object space 64000K, 46% used [0x00000000c0000000,0x00000000c1d1a2c8,0x00000000c3e80000)
 Metaspace       used 6138K, capacity 7064K, committed 7424K, reserved 1056768K
  class space    used 617K, capacity 656K, committed 768K, reserved 1048576K
}
Event: 5.082 GC heap before
{Heap before GC invocations=19 (full 0):
 PSYoungGen      total 71168K, used 71156K [0x00000000eab00000, 0x00000000f0400000, 0x0000000100000000)
  eden space 63488K, 100% used [0x00000000eab00000,0x00000000ee900000,0x00000000ee900000)
  from space 7680K, 99% used [0x00000000ef480000,0x00000000efbfd038,0x00000000efc00000)
  to   space 11776K, 0% used [0x00000000ee900000,0x00000000ee900000,0x00000000ef480000)
 ParOldGen       total 64000K, used 29800K [0x00000000c0000000, 0x00000000c3e80000, 0x00000000eab00000)
  object space 64000K, 46% used [0x00000000c0000000,0x00000000c1d1a2c8,0x00000000c3e80000)
 Metaspace       used 6152K, capacity 7064K, committed 7424K, reserved 1056768K
  class space    used 617K, capacity 656K, committed 768K, reserved 1048576K
Event: 5.114 GC heap after
Heap after GC invocations=19 (full 0):
 PSYoungGen      total 75264K, used 8775K [0x00000000eab00000, 0x00000000f1b00000, 0x0000000100000000)
  eden space 63488K, 0% used [0x00000000eab00000,0x00000000eab00000,0x00000000ee900000)
  from space 11776K, 74% used [0x00000000ee900000,0x00000000ef191e40,0x00000000ef480000)
  to   space 12800K, 0% used [0x00000000f0e80000,0x00000000f0e80000,0x00000000f1b00000)
 ParOldGen       total 64000K, used 36760K [0x00000000c0000000, 0x00000000c3e80000, 0x00000000eab00000)
  object space 64000K, 57% used [0x00000000c0000000,0x00000000c23e6210,0x00000000c3e80000)
 Metaspace       used 6152K, capacity 7064K, committed 7424K, reserved 1056768K
  class space    used 617K, capacity 656K, committed 768K, reserved 1048576K
}

